[ 2017-12-09T09:40:10+08:00 ] ::1 /miniwuchuanhxsk/index.php/Api/Login/getsessionkey
NOTIC: [8] Use of undefined constant SHOW_PAGE_TRACE - assumed 'SHOW_PAGE_TRACE' F:\phpStudy\WWW\miniwuchuanhxsk\App\Common\Conf\debug.php 第 4 行.
INFO: [ app_init ] --START--
INFO: Run Behavior\BuildLiteBehavior [ RunTime:0.000018s ]
INFO: [ app_init ] --END-- [ RunTime:0.000068s ]
NOTIC: [8] Undefined variable: sckey F:\phpStudy\WWW\miniwuchuanhxsk\App\Api\Conf\config.php 第 33 行.
NOTIC: [8] Undefined variable: sckey F:\phpStudy\WWW\miniwuchuanhxsk\App\Api\Conf\config.php 第 33 行.
NOTIC: [8] Undefined variable: sckey F:\phpStudy\WWW\miniwuchuanhxsk\App\Api\Conf\config.php 第 33 行.
NOTIC: [8] Use of undefined constant LOAD_EXT_CONFIG - assumed 'LOAD_EXT_CONFIG' F:\phpStudy\WWW\miniwuchuanhxsk\App\Api\Conf\config.php 第 40 行.
NOTIC: [8] Undefined variable: notify_url F:\phpStudy\WWW\miniwuchuanhxsk\App\Api\Conf\config.php 第 55 行.
NOTIC: [8] Undefined variable: return_url F:\phpStudy\WWW\miniwuchuanhxsk\App\Api\Conf\config.php 第 58 行.
NOTIC: [8] Undefined index: key F:\phpStudy\WWW\miniwuchuanhxsk\App\Api\Conf\config.php 第 62 行.
NOTIC: [8] Undefined index: key F:\phpStudy\WWW\miniwuchuanhxsk\App\Api\Conf\config.php 第 66 行.

[ 2017-12-09T09:40:10+08:00 ] ::1 /miniwuchuanhxsk/index.php/Api/Login/authlogin
NOTIC: [8] Use of undefined constant SHOW_PAGE_TRACE - assumed 'SHOW_PAGE_TRACE' F:\phpStudy\WWW\miniwuchuanhxsk\App\Common\Conf\debug.php 第 4 行.
INFO: [ app_init ] --START--
INFO: Run Behavior\BuildLiteBehavior [ RunTime:0.000015s ]
INFO: [ app_init ] --END-- [ RunTime:0.000063s ]
NOTIC: [8] Undefined variable: sckey F:\phpStudy\WWW\miniwuchuanhxsk\App\Api\Conf\config.php 第 33 行.
NOTIC: [8] Undefined variable: sckey F:\phpStudy\WWW\miniwuchuanhxsk\App\Api\Conf\config.php 第 33 行.
NOTIC: [8] Undefined variable: sckey F:\phpStudy\WWW\miniwuchuanhxsk\App\Api\Conf\config.php 第 33 行.
NOTIC: [8] Use of undefined constant LOAD_EXT_CONFIG - assumed 'LOAD_EXT_CONFIG' F:\phpStudy\WWW\miniwuchuanhxsk\App\Api\Conf\config.php 第 40 行.
NOTIC: [8] Undefined variable: notify_url F:\phpStudy\WWW\miniwuchuanhxsk\App\Api\Conf\config.php 第 55 行.
NOTIC: [8] Undefined variable: return_url F:\phpStudy\WWW\miniwuchuanhxsk\App\Api\Conf\config.php 第 58 行.
NOTIC: [8] Undefined index: key F:\phpStudy\WWW\miniwuchuanhxsk\App\Api\Conf\config.php 第 62 行.
NOTIC: [8] Undefined index: key F:\phpStudy\WWW\miniwuchuanhxsk\App\Api\Conf\config.php 第 66 行.

[ 2017-12-09T09:40:11+08:00 ] ::1 /miniwuchuanhxsk/index.php/Api/Index/index
NOTIC: [8] Use of undefined constant SHOW_PAGE_TRACE - assumed 'SHOW_PAGE_TRACE' F:\phpStudy\WWW\miniwuchuanhxsk\App\Common\Conf\debug.php 第 4 行.
INFO: [ app_init ] --START--
INFO: Run Behavior\BuildLiteBehavior [ RunTime:0.000014s ]
INFO: [ app_init ] --END-- [ RunTime:0.000055s ]
NOTIC: [8] Undefined variable: sckey F:\phpStudy\WWW\miniwuchuanhxsk\App\Api\Conf\config.php 第 33 行.
NOTIC: [8] Undefined variable: sckey F:\phpStudy\WWW\miniwuchuanhxsk\App\Api\Conf\config.php 第 33 行.
NOTIC: [8] Undefined variable: sckey F:\phpStudy\WWW\miniwuchuanhxsk\App\Api\Conf\config.php 第 33 行.
NOTIC: [8] Use of undefined constant LOAD_EXT_CONFIG - assumed 'LOAD_EXT_CONFIG' F:\phpStudy\WWW\miniwuchuanhxsk\App\Api\Conf\config.php 第 40 行.
NOTIC: [8] Undefined variable: notify_url F:\phpStudy\WWW\miniwuchuanhxsk\App\Api\Conf\config.php 第 55 行.
NOTIC: [8] Undefined variable: return_url F:\phpStudy\WWW\miniwuchuanhxsk\App\Api\Conf\config.php 第 58 行.
NOTIC: [8] Undefined index: key F:\phpStudy\WWW\miniwuchuanhxsk\App\Api\Conf\config.php 第 62 行.
NOTIC: [8] Undefined index: key F:\phpStudy\WWW\miniwuchuanhxsk\App\Api\Conf\config.php 第 66 行.

[ 2017-12-09T09:40:15+08:00 ] ::1 /miniwuchuanhxsk/index.php/Api/Index/playIndex
NOTIC: [8] Use of undefined constant SHOW_PAGE_TRACE - assumed 'SHOW_PAGE_TRACE' F:\phpStudy\WWW\miniwuchuanhxsk\App\Common\Conf\debug.php 第 4 行.
INFO: [ app_init ] --START--
INFO: Run Behavior\BuildLiteBehavior [ RunTime:0.000014s ]
INFO: [ app_init ] --END-- [ RunTime:0.000057s ]
NOTIC: [8] Undefined variable: sckey F:\phpStudy\WWW\miniwuchuanhxsk\App\Api\Conf\config.php 第 33 行.
NOTIC: [8] Undefined variable: sckey F:\phpStudy\WWW\miniwuchuanhxsk\App\Api\Conf\config.php 第 33 行.
NOTIC: [8] Undefined variable: sckey F:\phpStudy\WWW\miniwuchuanhxsk\App\Api\Conf\config.php 第 33 行.
NOTIC: [8] Use of undefined constant LOAD_EXT_CONFIG - assumed 'LOAD_EXT_CONFIG' F:\phpStudy\WWW\miniwuchuanhxsk\App\Api\Conf\config.php 第 40 行.
NOTIC: [8] Undefined variable: notify_url F:\phpStudy\WWW\miniwuchuanhxsk\App\Api\Conf\config.php 第 55 行.
NOTIC: [8] Undefined variable: return_url F:\phpStudy\WWW\miniwuchuanhxsk\App\Api\Conf\config.php 第 58 行.
NOTIC: [8] Undefined index: key F:\phpStudy\WWW\miniwuchuanhxsk\App\Api\Conf\config.php 第 62 行.
NOTIC: [8] Undefined index: key F:\phpStudy\WWW\miniwuchuanhxsk\App\Api\Conf\config.php 第 66 行.

[ 2017-12-09T09:40:18+08:00 ] ::1 /miniwuchuanhxsk/index.php/Api/Index/playIndex
NOTIC: [8] Use of undefined constant SHOW_PAGE_TRACE - assumed 'SHOW_PAGE_TRACE' F:\phpStudy\WWW\miniwuchuanhxsk\App\Common\Conf\debug.php 第 4 行.
INFO: [ app_init ] --START--
INFO: Run Behavior\BuildLiteBehavior [ RunTime:0.000033s ]
INFO: [ app_init ] --END-- [ RunTime:0.000080s ]
NOTIC: [8] Undefined variable: sckey F:\phpStudy\WWW\miniwuchuanhxsk\App\Api\Conf\config.php 第 33 行.
NOTIC: [8] Undefined variable: sckey F:\phpStudy\WWW\miniwuchuanhxsk\App\Api\Conf\config.php 第 33 行.
NOTIC: [8] Undefined variable: sckey F:\phpStudy\WWW\miniwuchuanhxsk\App\Api\Conf\config.php 第 33 行.
NOTIC: [8] Use of undefined constant LOAD_EXT_CONFIG - assumed 'LOAD_EXT_CONFIG' F:\phpStudy\WWW\miniwuchuanhxsk\App\Api\Conf\config.php 第 40 行.
NOTIC: [8] Undefined variable: notify_url F:\phpStudy\WWW\miniwuchuanhxsk\App\Api\Conf\config.php 第 55 行.
NOTIC: [8] Undefined variable: return_url F:\phpStudy\WWW\miniwuchuanhxsk\App\Api\Conf\config.php 第 58 行.
NOTIC: [8] Undefined index: key F:\phpStudy\WWW\miniwuchuanhxsk\App\Api\Conf\config.php 第 62 行.
NOTIC: [8] Undefined index: key F:\phpStudy\WWW\miniwuchuanhxsk\App\Api\Conf\config.php 第 66 行.

[ 2017-12-09T09:40:22+08:00 ] ::1 /miniwuchuanhxsk/index.php/Api/Index/eatIndex
NOTIC: [8] Use of undefined constant SHOW_PAGE_TRACE - assumed 'SHOW_PAGE_TRACE' F:\phpStudy\WWW\miniwuchuanhxsk\App\Common\Conf\debug.php 第 4 行.
INFO: [ app_init ] --START--
INFO: Run Behavior\BuildLiteBehavior [ RunTime:0.000014s ]
INFO: [ app_init ] --END-- [ RunTime:0.000057s ]
NOTIC: [8] Undefined variable: sckey F:\phpStudy\WWW\miniwuchuanhxsk\App\Api\Conf\config.php 第 33 行.
NOTIC: [8] Undefined variable: sckey F:\phpStudy\WWW\miniwuchuanhxsk\App\Api\Conf\config.php 第 33 行.
NOTIC: [8] Undefined variable: sckey F:\phpStudy\WWW\miniwuchuanhxsk\App\Api\Conf\config.php 第 33 行.
NOTIC: [8] Use of undefined constant LOAD_EXT_CONFIG - assumed 'LOAD_EXT_CONFIG' F:\phpStudy\WWW\miniwuchuanhxsk\App\Api\Conf\config.php 第 40 行.
NOTIC: [8] Undefined variable: notify_url F:\phpStudy\WWW\miniwuchuanhxsk\App\Api\Conf\config.php 第 55 行.
NOTIC: [8] Undefined variable: return_url F:\phpStudy\WWW\miniwuchuanhxsk\App\Api\Conf\config.php 第 58 行.
NOTIC: [8] Undefined index: key F:\phpStudy\WWW\miniwuchuanhxsk\App\Api\Conf\config.php 第 62 行.
NOTIC: [8] Undefined index: key F:\phpStudy\WWW\miniwuchuanhxsk\App\Api\Conf\config.php 第 66 行.

[ 2017-12-09T10:10:14+08:00 ] ::1 /miniwuchuanhxsk/index.php/Api/Index/index
NOTIC: [8] Use of undefined constant SHOW_PAGE_TRACE - assumed 'SHOW_PAGE_TRACE' F:\phpStudy\WWW\miniwuchuanhxsk\App\Common\Conf\debug.php 第 4 行.
INFO: [ app_init ] --START--
INFO: Run Behavior\BuildLiteBehavior [ RunTime:0.000016s ]
INFO: [ app_init ] --END-- [ RunTime:0.000065s ]
NOTIC: [8] Undefined variable: sckey F:\phpStudy\WWW\miniwuchuanhxsk\App\Api\Conf\config.php 第 33 行.
NOTIC: [8] Undefined variable: sckey F:\phpStudy\WWW\miniwuchuanhxsk\App\Api\Conf\config.php 第 33 行.
NOTIC: [8] Undefined variable: sckey F:\phpStudy\WWW\miniwuchuanhxsk\App\Api\Conf\config.php 第 33 行.
NOTIC: [8] Use of undefined constant LOAD_EXT_CONFIG - assumed 'LOAD_EXT_CONFIG' F:\phpStudy\WWW\miniwuchuanhxsk\App\Api\Conf\config.php 第 40 行.
NOTIC: [8] Undefined variable: notify_url F:\phpStudy\WWW\miniwuchuanhxsk\App\Api\Conf\config.php 第 55 行.
NOTIC: [8] Undefined variable: return_url F:\phpStudy\WWW\miniwuchuanhxsk\App\Api\Conf\config.php 第 58 行.
NOTIC: [8] Undefined index: key F:\phpStudy\WWW\miniwuchuanhxsk\App\Api\Conf\config.php 第 62 行.
NOTIC: [8] Undefined index: key F:\phpStudy\WWW\miniwuchuanhxsk\App\Api\Conf\config.php 第 66 行.

[ 2017-12-09T10:10:14+08:00 ] ::1 /miniwuchuanhxsk/index.php/Api/Login/getsessionkey
NOTIC: [8] Use of undefined constant SHOW_PAGE_TRACE - assumed 'SHOW_PAGE_TRACE' F:\phpStudy\WWW\miniwuchuanhxsk\App\Common\Conf\debug.php 第 4 行.
INFO: [ app_init ] --START--
INFO: Run Behavior\BuildLiteBehavior [ RunTime:0.000015s ]
INFO: [ app_init ] --END-- [ RunTime:0.000060s ]
NOTIC: [8] Undefined variable: sckey F:\phpStudy\WWW\miniwuchuanhxsk\App\Api\Conf\config.php 第 33 行.
NOTIC: [8] Undefined variable: sckey F:\phpStudy\WWW\miniwuchuanhxsk\App\Api\Conf\config.php 第 33 行.
NOTIC: [8] Undefined variable: sckey F:\phpStudy\WWW\miniwuchuanhxsk\App\Api\Conf\config.php 第 33 行.
NOTIC: [8] Use of undefined constant LOAD_EXT_CONFIG - assumed 'LOAD_EXT_CONFIG' F:\phpStudy\WWW\miniwuchuanhxsk\App\Api\Conf\config.php 第 40 行.
NOTIC: [8] Undefined variable: notify_url F:\phpStudy\WWW\miniwuchuanhxsk\App\Api\Conf\config.php 第 55 行.
NOTIC: [8] Undefined variable: return_url F:\phpStudy\WWW\miniwuchuanhxsk\App\Api\Conf\config.php 第 58 行.
NOTIC: [8] Undefined index: key F:\phpStudy\WWW\miniwuchuanhxsk\App\Api\Conf\config.php 第 62 行.
NOTIC: [8] Undefined index: key F:\phpStudy\WWW\miniwuchuanhxsk\App\Api\Conf\config.php 第 66 行.

[ 2017-12-09T10:10:14+08:00 ] ::1 /miniwuchuanhxsk/index.php/Api/Login/authlogin
NOTIC: [8] Use of undefined constant SHOW_PAGE_TRACE - assumed 'SHOW_PAGE_TRACE' F:\phpStudy\WWW\miniwuchuanhxsk\App\Common\Conf\debug.php 第 4 行.
INFO: [ app_init ] --START--
INFO: Run Behavior\BuildLiteBehavior [ RunTime:0.000013s ]
INFO: [ app_init ] --END-- [ RunTime:0.000053s ]
NOTIC: [8] Undefined variable: sckey F:\phpStudy\WWW\miniwuchuanhxsk\App\Api\Conf\config.php 第 33 行.
NOTIC: [8] Undefined variable: sckey F:\phpStudy\WWW\miniwuchuanhxsk\App\Api\Conf\config.php 第 33 行.
NOTIC: [8] Undefined variable: sckey F:\phpStudy\WWW\miniwuchuanhxsk\App\Api\Conf\config.php 第 33 行.
NOTIC: [8] Use of undefined constant LOAD_EXT_CONFIG - assumed 'LOAD_EXT_CONFIG' F:\phpStudy\WWW\miniwuchuanhxsk\App\Api\Conf\config.php 第 40 行.
NOTIC: [8] Undefined variable: notify_url F:\phpStudy\WWW\miniwuchuanhxsk\App\Api\Conf\config.php 第 55 行.
NOTIC: [8] Undefined variable: return_url F:\phpStudy\WWW\miniwuchuanhxsk\App\Api\Conf\config.php 第 58 行.
NOTIC: [8] Undefined index: key F:\phpStudy\WWW\miniwuchuanhxsk\App\Api\Conf\config.php 第 62 行.
NOTIC: [8] Undefined index: key F:\phpStudy\WWW\miniwuchuanhxsk\App\Api\Conf\config.php 第 66 行.

[ 2017-12-09T17:22:57+08:00 ] ::1 /miniwuchuanhxsk/index.php/Api/Login/getsessionkey
NOTIC: [8] Use of undefined constant SHOW_PAGE_TRACE - assumed 'SHOW_PAGE_TRACE' F:\phpStudy\WWW\miniwuchuanhxsk\App\Common\Conf\debug.php 第 4 行.
INFO: [ app_init ] --START--
INFO: Run Behavior\BuildLiteBehavior [ RunTime:0.000015s ]
INFO: [ app_init ] --END-- [ RunTime:0.000057s ]
NOTIC: [8] Undefined variable: sckey F:\phpStudy\WWW\miniwuchuanhxsk\App\Api\Conf\config.php 第 33 行.
NOTIC: [8] Undefined variable: sckey F:\phpStudy\WWW\miniwuchuanhxsk\App\Api\Conf\config.php 第 33 行.
NOTIC: [8] Undefined variable: sckey F:\phpStudy\WWW\miniwuchuanhxsk\App\Api\Conf\config.php 第 33 行.
NOTIC: [8] Use of undefined constant LOAD_EXT_CONFIG - assumed 'LOAD_EXT_CONFIG' F:\phpStudy\WWW\miniwuchuanhxsk\App\Api\Conf\config.php 第 40 行.
NOTIC: [8] Undefined variable: notify_url F:\phpStudy\WWW\miniwuchuanhxsk\App\Api\Conf\config.php 第 55 行.
NOTIC: [8] Undefined variable: return_url F:\phpStudy\WWW\miniwuchuanhxsk\App\Api\Conf\config.php 第 58 行.
NOTIC: [8] Undefined index: key F:\phpStudy\WWW\miniwuchuanhxsk\App\Api\Conf\config.php 第 62 行.
NOTIC: [8] Undefined index: key F:\phpStudy\WWW\miniwuchuanhxsk\App\Api\Conf\config.php 第 66 行.

[ 2017-12-09T17:22:57+08:00 ] ::1 /miniwuchuanhxsk/index.php/Api/Index/index
NOTIC: [8] Use of undefined constant SHOW_PAGE_TRACE - assumed 'SHOW_PAGE_TRACE' F:\phpStudy\WWW\miniwuchuanhxsk\App\Common\Conf\debug.php 第 4 行.
INFO: [ app_init ] --START--
INFO: Run Behavior\BuildLiteBehavior [ RunTime:0.000016s ]
INFO: [ app_init ] --END-- [ RunTime:0.000439s ]
NOTIC: [8] Undefined variable: sckey F:\phpStudy\WWW\miniwuchuanhxsk\App\Api\Conf\config.php 第 33 行.
NOTIC: [8] Undefined variable: sckey F:\phpStudy\WWW\miniwuchuanhxsk\App\Api\Conf\config.php 第 33 行.
NOTIC: [8] Undefined variable: sckey F:\phpStudy\WWW\miniwuchuanhxsk\App\Api\Conf\config.php 第 33 行.
NOTIC: [8] Use of undefined constant LOAD_EXT_CONFIG - assumed 'LOAD_EXT_CONFIG' F:\phpStudy\WWW\miniwuchuanhxsk\App\Api\Conf\config.php 第 40 行.
NOTIC: [8] Undefined variable: notify_url F:\phpStudy\WWW\miniwuchuanhxsk\App\Api\Conf\config.php 第 55 行.
NOTIC: [8] Undefined variable: return_url F:\phpStudy\WWW\miniwuchuanhxsk\App\Api\Conf\config.php 第 58 行.
NOTIC: [8] Undefined index: key F:\phpStudy\WWW\miniwuchuanhxsk\App\Api\Conf\config.php 第 62 行.
NOTIC: [8] Undefined index: key F:\phpStudy\WWW\miniwuchuanhxsk\App\Api\Conf\config.php 第 66 行.

[ 2017-12-09T17:22:57+08:00 ] ::1 /miniwuchuanhxsk/index.php/Api/Login/authlogin
NOTIC: [8] Use of undefined constant SHOW_PAGE_TRACE - assumed 'SHOW_PAGE_TRACE' F:\phpStudy\WWW\miniwuchuanhxsk\App\Common\Conf\debug.php 第 4 行.
INFO: [ app_init ] --START--
INFO: Run Behavior\BuildLiteBehavior [ RunTime:0.000013s ]
INFO: [ app_init ] --END-- [ RunTime:0.000053s ]
NOTIC: [8] Undefined variable: sckey F:\phpStudy\WWW\miniwuchuanhxsk\App\Api\Conf\config.php 第 33 行.
NOTIC: [8] Undefined variable: sckey F:\phpStudy\WWW\miniwuchuanhxsk\App\Api\Conf\config.php 第 33 行.
NOTIC: [8] Undefined variable: sckey F:\phpStudy\WWW\miniwuchuanhxsk\App\Api\Conf\config.php 第 33 行.
NOTIC: [8] Use of undefined constant LOAD_EXT_CONFIG - assumed 'LOAD_EXT_CONFIG' F:\phpStudy\WWW\miniwuchuanhxsk\App\Api\Conf\config.php 第 40 行.
NOTIC: [8] Undefined variable: notify_url F:\phpStudy\WWW\miniwuchuanhxsk\App\Api\Conf\config.php 第 55 行.
NOTIC: [8] Undefined variable: return_url F:\phpStudy\WWW\miniwuchuanhxsk\App\Api\Conf\config.php 第 58 行.
NOTIC: [8] Undefined index: key F:\phpStudy\WWW\miniwuchuanhxsk\App\Api\Conf\config.php 第 62 行.
NOTIC: [8] Undefined index: key F:\phpStudy\WWW\miniwuchuanhxsk\App\Api\Conf\config.php 第 66 行.

[ 2017-12-09T17:23:24+08:00 ] ::1 /miniwuchuanhxsk/index.php/Api/Index/playIndex
NOTIC: [8] Use of undefined constant SHOW_PAGE_TRACE - assumed 'SHOW_PAGE_TRACE' F:\phpStudy\WWW\miniwuchuanhxsk\App\Common\Conf\debug.php 第 4 行.
INFO: [ app_init ] --START--
INFO: Run Behavior\BuildLiteBehavior [ RunTime:0.000028s ]
INFO: [ app_init ] --END-- [ RunTime:0.000099s ]
NOTIC: [8] Undefined variable: sckey F:\phpStudy\WWW\miniwuchuanhxsk\App\Api\Conf\config.php 第 33 行.
NOTIC: [8] Undefined variable: sckey F:\phpStudy\WWW\miniwuchuanhxsk\App\Api\Conf\config.php 第 33 行.
NOTIC: [8] Undefined variable: sckey F:\phpStudy\WWW\miniwuchuanhxsk\App\Api\Conf\config.php 第 33 行.
NOTIC: [8] Use of undefined constant LOAD_EXT_CONFIG - assumed 'LOAD_EXT_CONFIG' F:\phpStudy\WWW\miniwuchuanhxsk\App\Api\Conf\config.php 第 40 行.
NOTIC: [8] Undefined variable: notify_url F:\phpStudy\WWW\miniwuchuanhxsk\App\Api\Conf\config.php 第 55 行.
NOTIC: [8] Undefined variable: return_url F:\phpStudy\WWW\miniwuchuanhxsk\App\Api\Conf\config.php 第 58 行.
NOTIC: [8] Undefined index: key F:\phpStudy\WWW\miniwuchuanhxsk\App\Api\Conf\config.php 第 62 行.
NOTIC: [8] Undefined index: key F:\phpStudy\WWW\miniwuchuanhxsk\App\Api\Conf\config.php 第 66 行.

[ 2017-12-09T17:28:45+08:00 ] ::1 /miniwuchuanhxsk/index.php/Api/Product/detail2
NOTIC: [8] Use of undefined constant SHOW_PAGE_TRACE - assumed 'SHOW_PAGE_TRACE' F:\phpStudy\WWW\miniwuchuanhxsk\App\Common\Conf\debug.php 第 4 行.
INFO: [ app_init ] --START--
INFO: Run Behavior\BuildLiteBehavior [ RunTime:0.000016s ]
INFO: [ app_init ] --END-- [ RunTime:0.000062s ]
NOTIC: [8] Undefined variable: sckey F:\phpStudy\WWW\miniwuchuanhxsk\App\Api\Conf\config.php 第 33 行.
NOTIC: [8] Undefined variable: sckey F:\phpStudy\WWW\miniwuchuanhxsk\App\Api\Conf\config.php 第 33 行.
NOTIC: [8] Undefined variable: sckey F:\phpStudy\WWW\miniwuchuanhxsk\App\Api\Conf\config.php 第 33 行.
NOTIC: [8] Use of undefined constant LOAD_EXT_CONFIG - assumed 'LOAD_EXT_CONFIG' F:\phpStudy\WWW\miniwuchuanhxsk\App\Api\Conf\config.php 第 40 行.
NOTIC: [8] Undefined variable: notify_url F:\phpStudy\WWW\miniwuchuanhxsk\App\Api\Conf\config.php 第 55 行.
NOTIC: [8] Undefined variable: return_url F:\phpStudy\WWW\miniwuchuanhxsk\App\Api\Conf\config.php 第 58 行.
NOTIC: [8] Undefined index: key F:\phpStudy\WWW\miniwuchuanhxsk\App\Api\Conf\config.php 第 62 行.
NOTIC: [8] Undefined index: key F:\phpStudy\WWW\miniwuchuanhxsk\App\Api\Conf\config.php 第 66 行.

[ 2017-12-09T17:28:52+08:00 ] ::1 /miniwuchuanhxsk/index.php/Api/Index/eatIndex
NOTIC: [8] Use of undefined constant SHOW_PAGE_TRACE - assumed 'SHOW_PAGE_TRACE' F:\phpStudy\WWW\miniwuchuanhxsk\App\Common\Conf\debug.php 第 4 行.
INFO: [ app_init ] --START--
INFO: Run Behavior\BuildLiteBehavior [ RunTime:0.000014s ]
INFO: [ app_init ] --END-- [ RunTime:0.000056s ]
NOTIC: [8] Undefined variable: sckey F:\phpStudy\WWW\miniwuchuanhxsk\App\Api\Conf\config.php 第 33 行.
NOTIC: [8] Undefined variable: sckey F:\phpStudy\WWW\miniwuchuanhxsk\App\Api\Conf\config.php 第 33 行.
NOTIC: [8] Undefined variable: sckey F:\phpStudy\WWW\miniwuchuanhxsk\App\Api\Conf\config.php 第 33 行.
NOTIC: [8] Use of undefined constant LOAD_EXT_CONFIG - assumed 'LOAD_EXT_CONFIG' F:\phpStudy\WWW\miniwuchuanhxsk\App\Api\Conf\config.php 第 40 行.
NOTIC: [8] Undefined variable: notify_url F:\phpStudy\WWW\miniwuchuanhxsk\App\Api\Conf\config.php 第 55 行.
NOTIC: [8] Undefined variable: return_url F:\phpStudy\WWW\miniwuchuanhxsk\App\Api\Conf\config.php 第 58 行.
NOTIC: [8] Undefined index: key F:\phpStudy\WWW\miniwuchuanhxsk\App\Api\Conf\config.php 第 62 行.
NOTIC: [8] Undefined index: key F:\phpStudy\WWW\miniwuchuanhxsk\App\Api\Conf\config.php 第 66 行.

[ 2017-12-09T17:28:58+08:00 ] ::1 /miniwuchuanhxsk/index.php/Api/Product/detail
NOTIC: [8] Use of undefined constant SHOW_PAGE_TRACE - assumed 'SHOW_PAGE_TRACE' F:\phpStudy\WWW\miniwuchuanhxsk\App\Common\Conf\debug.php 第 4 行.
INFO: [ app_init ] --START--
INFO: Run Behavior\BuildLiteBehavior [ RunTime:0.000014s ]
INFO: [ app_init ] --END-- [ RunTime:0.000059s ]
NOTIC: [8] Undefined variable: sckey F:\phpStudy\WWW\miniwuchuanhxsk\App\Api\Conf\config.php 第 33 行.
NOTIC: [8] Undefined variable: sckey F:\phpStudy\WWW\miniwuchuanhxsk\App\Api\Conf\config.php 第 33 行.
NOTIC: [8] Undefined variable: sckey F:\phpStudy\WWW\miniwuchuanhxsk\App\Api\Conf\config.php 第 33 行.
NOTIC: [8] Use of undefined constant LOAD_EXT_CONFIG - assumed 'LOAD_EXT_CONFIG' F:\phpStudy\WWW\miniwuchuanhxsk\App\Api\Conf\config.php 第 40 行.
NOTIC: [8] Undefined variable: notify_url F:\phpStudy\WWW\miniwuchuanhxsk\App\Api\Conf\config.php 第 55 行.
NOTIC: [8] Undefined variable: return_url F:\phpStudy\WWW\miniwuchuanhxsk\App\Api\Conf\config.php 第 58 行.
NOTIC: [8] Undefined index: key F:\phpStudy\WWW\miniwuchuanhxsk\App\Api\Conf\config.php 第 62 行.
NOTIC: [8] Undefined index: key F:\phpStudy\WWW\miniwuchuanhxsk\App\Api\Conf\config.php 第 66 行.

[ 2017-12-09T17:29:01+08:00 ] ::1 /miniwuchuanhxsk/index.php/Api/Shopping/index
NOTIC: [8] Use of undefined constant SHOW_PAGE_TRACE - assumed 'SHOW_PAGE_TRACE' F:\phpStudy\WWW\miniwuchuanhxsk\App\Common\Conf\debug.php 第 4 行.
INFO: [ app_init ] --START--
INFO: Run Behavior\BuildLiteBehavior [ RunTime:0.000015s ]
INFO: [ app_init ] --END-- [ RunTime:0.000064s ]
NOTIC: [8] Undefined variable: sckey F:\phpStudy\WWW\miniwuchuanhxsk\App\Api\Conf\config.php 第 33 行.
NOTIC: [8] Undefined variable: sckey F:\phpStudy\WWW\miniwuchuanhxsk\App\Api\Conf\config.php 第 33 行.
NOTIC: [8] Undefined variable: sckey F:\phpStudy\WWW\miniwuchuanhxsk\App\Api\Conf\config.php 第 33 行.
NOTIC: [8] Use of undefined constant LOAD_EXT_CONFIG - assumed 'LOAD_EXT_CONFIG' F:\phpStudy\WWW\miniwuchuanhxsk\App\Api\Conf\config.php 第 40 行.
NOTIC: [8] Undefined variable: notify_url F:\phpStudy\WWW\miniwuchuanhxsk\App\Api\Conf\config.php 第 55 行.
NOTIC: [8] Undefined variable: return_url F:\phpStudy\WWW\miniwuchuanhxsk\App\Api\Conf\config.php 第 58 行.
NOTIC: [8] Undefined index: key F:\phpStudy\WWW\miniwuchuanhxsk\App\Api\Conf\config.php 第 62 行.
NOTIC: [8] Undefined index: key F:\phpStudy\WWW\miniwuchuanhxsk\App\Api\Conf\config.php 第 66 行.

[ 2017-12-09T17:29:01+08:00 ] ::1 /miniwuchuanhxsk/index.php/Api/Shopping/index
NOTIC: [8] Use of undefined constant SHOW_PAGE_TRACE - assumed 'SHOW_PAGE_TRACE' F:\phpStudy\WWW\miniwuchuanhxsk\App\Common\Conf\debug.php 第 4 行.
INFO: [ app_init ] --START--
INFO: Run Behavior\BuildLiteBehavior [ RunTime:0.000017s ]
INFO: [ app_init ] --END-- [ RunTime:0.000088s ]
NOTIC: [8] Undefined variable: sckey F:\phpStudy\WWW\miniwuchuanhxsk\App\Api\Conf\config.php 第 33 行.
NOTIC: [8] Undefined variable: sckey F:\phpStudy\WWW\miniwuchuanhxsk\App\Api\Conf\config.php 第 33 行.
NOTIC: [8] Undefined variable: sckey F:\phpStudy\WWW\miniwuchuanhxsk\App\Api\Conf\config.php 第 33 行.
NOTIC: [8] Use of undefined constant LOAD_EXT_CONFIG - assumed 'LOAD_EXT_CONFIG' F:\phpStudy\WWW\miniwuchuanhxsk\App\Api\Conf\config.php 第 40 行.
NOTIC: [8] Undefined variable: notify_url F:\phpStudy\WWW\miniwuchuanhxsk\App\Api\Conf\config.php 第 55 行.
NOTIC: [8] Undefined variable: return_url F:\phpStudy\WWW\miniwuchuanhxsk\App\Api\Conf\config.php 第 58 行.
NOTIC: [8] Undefined index: key F:\phpStudy\WWW\miniwuchuanhxsk\App\Api\Conf\config.php 第 62 行.
NOTIC: [8] Undefined index: key F:\phpStudy\WWW\miniwuchuanhxsk\App\Api\Conf\config.php 第 66 行.

[ 2017-12-09T17:29:09+08:00 ] ::1 /miniwuchuanhxsk/index.php/Api/Index/eatIndex
NOTIC: [8] Use of undefined constant SHOW_PAGE_TRACE - assumed 'SHOW_PAGE_TRACE' F:\phpStudy\WWW\miniwuchuanhxsk\App\Common\Conf\debug.php 第 4 行.
INFO: [ app_init ] --START--
INFO: Run Behavior\BuildLiteBehavior [ RunTime:0.000016s ]
INFO: [ app_init ] --END-- [ RunTime:0.000060s ]
NOTIC: [8] Undefined variable: sckey F:\phpStudy\WWW\miniwuchuanhxsk\App\Api\Conf\config.php 第 33 行.
NOTIC: [8] Undefined variable: sckey F:\phpStudy\WWW\miniwuchuanhxsk\App\Api\Conf\config.php 第 33 行.
NOTIC: [8] Undefined variable: sckey F:\phpStudy\WWW\miniwuchuanhxsk\App\Api\Conf\config.php 第 33 行.
NOTIC: [8] Use of undefined constant LOAD_EXT_CONFIG - assumed 'LOAD_EXT_CONFIG' F:\phpStudy\WWW\miniwuchuanhxsk\App\Api\Conf\config.php 第 40 行.
NOTIC: [8] Undefined variable: notify_url F:\phpStudy\WWW\miniwuchuanhxsk\App\Api\Conf\config.php 第 55 行.
NOTIC: [8] Undefined variable: return_url F:\phpStudy\WWW\miniwuchuanhxsk\App\Api\Conf\config.php 第 58 行.
NOTIC: [8] Undefined index: key F:\phpStudy\WWW\miniwuchuanhxsk\App\Api\Conf\config.php 第 62 行.
NOTIC: [8] Undefined index: key F:\phpStudy\WWW\miniwuchuanhxsk\App\Api\Conf\config.php 第 66 行.

[ 2017-12-09T17:29:10+08:00 ] ::1 /miniwuchuanhxsk/index.php/Api/Product/detail
NOTIC: [8] Use of undefined constant SHOW_PAGE_TRACE - assumed 'SHOW_PAGE_TRACE' F:\phpStudy\WWW\miniwuchuanhxsk\App\Common\Conf\debug.php 第 4 行.
INFO: [ app_init ] --START--
INFO: Run Behavior\BuildLiteBehavior [ RunTime:0.000014s ]
INFO: [ app_init ] --END-- [ RunTime:0.000059s ]
NOTIC: [8] Undefined variable: sckey F:\phpStudy\WWW\miniwuchuanhxsk\App\Api\Conf\config.php 第 33 行.
NOTIC: [8] Undefined variable: sckey F:\phpStudy\WWW\miniwuchuanhxsk\App\Api\Conf\config.php 第 33 行.
NOTIC: [8] Undefined variable: sckey F:\phpStudy\WWW\miniwuchuanhxsk\App\Api\Conf\config.php 第 33 行.
NOTIC: [8] Use of undefined constant LOAD_EXT_CONFIG - assumed 'LOAD_EXT_CONFIG' F:\phpStudy\WWW\miniwuchuanhxsk\App\Api\Conf\config.php 第 40 行.
NOTIC: [8] Undefined variable: notify_url F:\phpStudy\WWW\miniwuchuanhxsk\App\Api\Conf\config.php 第 55 行.
NOTIC: [8] Undefined variable: return_url F:\phpStudy\WWW\miniwuchuanhxsk\App\Api\Conf\config.php 第 58 行.
NOTIC: [8] Undefined index: key F:\phpStudy\WWW\miniwuchuanhxsk\App\Api\Conf\config.php 第 62 行.
NOTIC: [8] Undefined index: key F:\phpStudy\WWW\miniwuchuanhxsk\App\Api\Conf\config.php 第 66 行.

[ 2017-12-09T17:29:12+08:00 ] ::1 /miniwuchuanhxsk/index.php/Api/Shopping/index
NOTIC: [8] Use of undefined constant SHOW_PAGE_TRACE - assumed 'SHOW_PAGE_TRACE' F:\phpStudy\WWW\miniwuchuanhxsk\App\Common\Conf\debug.php 第 4 行.
INFO: [ app_init ] --START--
INFO: Run Behavior\BuildLiteBehavior [ RunTime:0.000015s ]
INFO: [ app_init ] --END-- [ RunTime:0.000062s ]
NOTIC: [8] Undefined variable: sckey F:\phpStudy\WWW\miniwuchuanhxsk\App\Api\Conf\config.php 第 33 行.
NOTIC: [8] Undefined variable: sckey F:\phpStudy\WWW\miniwuchuanhxsk\App\Api\Conf\config.php 第 33 行.
NOTIC: [8] Undefined variable: sckey F:\phpStudy\WWW\miniwuchuanhxsk\App\Api\Conf\config.php 第 33 行.
NOTIC: [8] Use of undefined constant LOAD_EXT_CONFIG - assumed 'LOAD_EXT_CONFIG' F:\phpStudy\WWW\miniwuchuanhxsk\App\Api\Conf\config.php 第 40 行.
NOTIC: [8] Undefined variable: notify_url F:\phpStudy\WWW\miniwuchuanhxsk\App\Api\Conf\config.php 第 55 行.
NOTIC: [8] Undefined variable: return_url F:\phpStudy\WWW\miniwuchuanhxsk\App\Api\Conf\config.php 第 58 行.
NOTIC: [8] Undefined index: key F:\phpStudy\WWW\miniwuchuanhxsk\App\Api\Conf\config.php 第 62 行.
NOTIC: [8] Undefined index: key F:\phpStudy\WWW\miniwuchuanhxsk\App\Api\Conf\config.php 第 66 行.

[ 2017-12-09T17:29:15+08:00 ] ::1 /miniwuchuanhxsk/index.php/Api/Index/playIndex
NOTIC: [8] Use of undefined constant SHOW_PAGE_TRACE - assumed 'SHOW_PAGE_TRACE' F:\phpStudy\WWW\miniwuchuanhxsk\App\Common\Conf\debug.php 第 4 行.
INFO: [ app_init ] --START--
INFO: Run Behavior\BuildLiteBehavior [ RunTime:0.000015s ]
INFO: [ app_init ] --END-- [ RunTime:0.000060s ]
NOTIC: [8] Undefined variable: sckey F:\phpStudy\WWW\miniwuchuanhxsk\App\Api\Conf\config.php 第 33 行.
NOTIC: [8] Undefined variable: sckey F:\phpStudy\WWW\miniwuchuanhxsk\App\Api\Conf\config.php 第 33 行.
NOTIC: [8] Undefined variable: sckey F:\phpStudy\WWW\miniwuchuanhxsk\App\Api\Conf\config.php 第 33 行.
NOTIC: [8] Use of undefined constant LOAD_EXT_CONFIG - assumed 'LOAD_EXT_CONFIG' F:\phpStudy\WWW\miniwuchuanhxsk\App\Api\Conf\config.php 第 40 行.
NOTIC: [8] Undefined variable: notify_url F:\phpStudy\WWW\miniwuchuanhxsk\App\Api\Conf\config.php 第 55 行.
NOTIC: [8] Undefined variable: return_url F:\phpStudy\WWW\miniwuchuanhxsk\App\Api\Conf\config.php 第 58 行.
NOTIC: [8] Undefined index: key F:\phpStudy\WWW\miniwuchuanhxsk\App\Api\Conf\config.php 第 62 行.
NOTIC: [8] Undefined index: key F:\phpStudy\WWW\miniwuchuanhxsk\App\Api\Conf\config.php 第 66 行.

[ 2017-12-09T17:29:17+08:00 ] ::1 /miniwuchuanhxsk/index.php/Api/Product/detail2
NOTIC: [8] Use of undefined constant SHOW_PAGE_TRACE - assumed 'SHOW_PAGE_TRACE' F:\phpStudy\WWW\miniwuchuanhxsk\App\Common\Conf\debug.php 第 4 行.
INFO: [ app_init ] --START--
INFO: Run Behavior\BuildLiteBehavior [ RunTime:0.000015s ]
INFO: [ app_init ] --END-- [ RunTime:0.000071s ]
NOTIC: [8] Undefined variable: sckey F:\phpStudy\WWW\miniwuchuanhxsk\App\Api\Conf\config.php 第 33 行.
NOTIC: [8] Undefined variable: sckey F:\phpStudy\WWW\miniwuchuanhxsk\App\Api\Conf\config.php 第 33 行.
NOTIC: [8] Undefined variable: sckey F:\phpStudy\WWW\miniwuchuanhxsk\App\Api\Conf\config.php 第 33 行.
NOTIC: [8] Use of undefined constant LOAD_EXT_CONFIG - assumed 'LOAD_EXT_CONFIG' F:\phpStudy\WWW\miniwuchuanhxsk\App\Api\Conf\config.php 第 40 行.
NOTIC: [8] Undefined variable: notify_url F:\phpStudy\WWW\miniwuchuanhxsk\App\Api\Conf\config.php 第 55 行.
NOTIC: [8] Undefined variable: return_url F:\phpStudy\WWW\miniwuchuanhxsk\App\Api\Conf\config.php 第 58 行.
NOTIC: [8] Undefined index: key F:\phpStudy\WWW\miniwuchuanhxsk\App\Api\Conf\config.php 第 62 行.
NOTIC: [8] Undefined index: key F:\phpStudy\WWW\miniwuchuanhxsk\App\Api\Conf\config.php 第 66 行.

[ 2017-12-09T17:29:19+08:00 ] ::1 /miniwuchuanhxsk/index.php/Api/Shopping/index
NOTIC: [8] Use of undefined constant SHOW_PAGE_TRACE - assumed 'SHOW_PAGE_TRACE' F:\phpStudy\WWW\miniwuchuanhxsk\App\Common\Conf\debug.php 第 4 行.
INFO: [ app_init ] --START--
INFO: Run Behavior\BuildLiteBehavior [ RunTime:0.000013s ]
INFO: [ app_init ] --END-- [ RunTime:0.000057s ]
NOTIC: [8] Undefined variable: sckey F:\phpStudy\WWW\miniwuchuanhxsk\App\Api\Conf\config.php 第 33 行.
NOTIC: [8] Undefined variable: sckey F:\phpStudy\WWW\miniwuchuanhxsk\App\Api\Conf\config.php 第 33 行.
NOTIC: [8] Undefined variable: sckey F:\phpStudy\WWW\miniwuchuanhxsk\App\Api\Conf\config.php 第 33 行.
NOTIC: [8] Use of undefined constant LOAD_EXT_CONFIG - assumed 'LOAD_EXT_CONFIG' F:\phpStudy\WWW\miniwuchuanhxsk\App\Api\Conf\config.php 第 40 行.
NOTIC: [8] Undefined variable: notify_url F:\phpStudy\WWW\miniwuchuanhxsk\App\Api\Conf\config.php 第 55 行.
NOTIC: [8] Undefined variable: return_url F:\phpStudy\WWW\miniwuchuanhxsk\App\Api\Conf\config.php 第 58 行.
NOTIC: [8] Undefined index: key F:\phpStudy\WWW\miniwuchuanhxsk\App\Api\Conf\config.php 第 62 行.
NOTIC: [8] Undefined index: key F:\phpStudy\WWW\miniwuchuanhxsk\App\Api\Conf\config.php 第 66 行.

[ 2017-12-09T17:29:21+08:00 ] ::1 /miniwuchuanhxsk/index.php/Api/Index/eatIndex
NOTIC: [8] Use of undefined constant SHOW_PAGE_TRACE - assumed 'SHOW_PAGE_TRACE' F:\phpStudy\WWW\miniwuchuanhxsk\App\Common\Conf\debug.php 第 4 行.
INFO: [ app_init ] --START--
INFO: Run Behavior\BuildLiteBehavior [ RunTime:0.000014s ]
INFO: [ app_init ] --END-- [ RunTime:0.000058s ]
NOTIC: [8] Undefined variable: sckey F:\phpStudy\WWW\miniwuchuanhxsk\App\Api\Conf\config.php 第 33 行.
NOTIC: [8] Undefined variable: sckey F:\phpStudy\WWW\miniwuchuanhxsk\App\Api\Conf\config.php 第 33 行.
NOTIC: [8] Undefined variable: sckey F:\phpStudy\WWW\miniwuchuanhxsk\App\Api\Conf\config.php 第 33 行.
NOTIC: [8] Use of undefined constant LOAD_EXT_CONFIG - assumed 'LOAD_EXT_CONFIG' F:\phpStudy\WWW\miniwuchuanhxsk\App\Api\Conf\config.php 第 40 行.
NOTIC: [8] Undefined variable: notify_url F:\phpStudy\WWW\miniwuchuanhxsk\App\Api\Conf\config.php 第 55 行.
NOTIC: [8] Undefined variable: return_url F:\phpStudy\WWW\miniwuchuanhxsk\App\Api\Conf\config.php 第 58 行.
NOTIC: [8] Undefined index: key F:\phpStudy\WWW\miniwuchuanhxsk\App\Api\Conf\config.php 第 62 行.
NOTIC: [8] Undefined index: key F:\phpStudy\WWW\miniwuchuanhxsk\App\Api\Conf\config.php 第 66 行.

[ 2017-12-09T17:29:22+08:00 ] ::1 /miniwuchuanhxsk/index.php/Api/User/userinfo?uid=3
NOTIC: [8] Use of undefined constant SHOW_PAGE_TRACE - assumed 'SHOW_PAGE_TRACE' F:\phpStudy\WWW\miniwuchuanhxsk\App\Common\Conf\debug.php 第 4 行.
INFO: [ app_init ] --START--
INFO: Run Behavior\BuildLiteBehavior [ RunTime:0.000016s ]
INFO: [ app_init ] --END-- [ RunTime:0.000060s ]
NOTIC: [8] Undefined variable: sckey F:\phpStudy\WWW\miniwuchuanhxsk\App\Api\Conf\config.php 第 33 行.
NOTIC: [8] Undefined variable: sckey F:\phpStudy\WWW\miniwuchuanhxsk\App\Api\Conf\config.php 第 33 行.
NOTIC: [8] Undefined variable: sckey F:\phpStudy\WWW\miniwuchuanhxsk\App\Api\Conf\config.php 第 33 行.
NOTIC: [8] Use of undefined constant LOAD_EXT_CONFIG - assumed 'LOAD_EXT_CONFIG' F:\phpStudy\WWW\miniwuchuanhxsk\App\Api\Conf\config.php 第 40 行.
NOTIC: [8] Undefined variable: notify_url F:\phpStudy\WWW\miniwuchuanhxsk\App\Api\Conf\config.php 第 55 行.
NOTIC: [8] Undefined variable: return_url F:\phpStudy\WWW\miniwuchuanhxsk\App\Api\Conf\config.php 第 58 行.
NOTIC: [8] Undefined index: key F:\phpStudy\WWW\miniwuchuanhxsk\App\Api\Conf\config.php 第 62 行.
NOTIC: [8] Undefined index: key F:\phpStudy\WWW\miniwuchuanhxsk\App\Api\Conf\config.php 第 66 行.

[ 2017-12-09T17:29:27+08:00 ] ::1 /miniwuchuanhxsk/index.php/Api/Address/index
NOTIC: [8] Use of undefined constant SHOW_PAGE_TRACE - assumed 'SHOW_PAGE_TRACE' F:\phpStudy\WWW\miniwuchuanhxsk\App\Common\Conf\debug.php 第 4 行.
INFO: [ app_init ] --START--
INFO: Run Behavior\BuildLiteBehavior [ RunTime:0.000014s ]
INFO: [ app_init ] --END-- [ RunTime:0.000059s ]
NOTIC: [8] Undefined variable: sckey F:\phpStudy\WWW\miniwuchuanhxsk\App\Api\Conf\config.php 第 33 行.
NOTIC: [8] Undefined variable: sckey F:\phpStudy\WWW\miniwuchuanhxsk\App\Api\Conf\config.php 第 33 行.
NOTIC: [8] Undefined variable: sckey F:\phpStudy\WWW\miniwuchuanhxsk\App\Api\Conf\config.php 第 33 行.
NOTIC: [8] Use of undefined constant LOAD_EXT_CONFIG - assumed 'LOAD_EXT_CONFIG' F:\phpStudy\WWW\miniwuchuanhxsk\App\Api\Conf\config.php 第 40 行.
NOTIC: [8] Undefined variable: notify_url F:\phpStudy\WWW\miniwuchuanhxsk\App\Api\Conf\config.php 第 55 行.
NOTIC: [8] Undefined variable: return_url F:\phpStudy\WWW\miniwuchuanhxsk\App\Api\Conf\config.php 第 58 行.
NOTIC: [8] Undefined index: key F:\phpStudy\WWW\miniwuchuanhxsk\App\Api\Conf\config.php 第 62 行.
NOTIC: [8] Undefined index: key F:\phpStudy\WWW\miniwuchuanhxsk\App\Api\Conf\config.php 第 66 行.

[ 2017-12-09T17:29:33+08:00 ] ::1 /miniwuchuanhxsk/index.php/Api/Order/index
NOTIC: [8] Use of undefined constant SHOW_PAGE_TRACE - assumed 'SHOW_PAGE_TRACE' F:\phpStudy\WWW\miniwuchuanhxsk\App\Common\Conf\debug.php 第 4 行.
INFO: [ app_init ] --START--
INFO: Run Behavior\BuildLiteBehavior [ RunTime:0.000014s ]
INFO: [ app_init ] --END-- [ RunTime:0.000059s ]
NOTIC: [8] Undefined variable: sckey F:\phpStudy\WWW\miniwuchuanhxsk\App\Api\Conf\config.php 第 33 行.
NOTIC: [8] Undefined variable: sckey F:\phpStudy\WWW\miniwuchuanhxsk\App\Api\Conf\config.php 第 33 行.
NOTIC: [8] Undefined variable: sckey F:\phpStudy\WWW\miniwuchuanhxsk\App\Api\Conf\config.php 第 33 行.
NOTIC: [8] Use of undefined constant LOAD_EXT_CONFIG - assumed 'LOAD_EXT_CONFIG' F:\phpStudy\WWW\miniwuchuanhxsk\App\Api\Conf\config.php 第 40 行.
NOTIC: [8] Undefined variable: notify_url F:\phpStudy\WWW\miniwuchuanhxsk\App\Api\Conf\config.php 第 55 行.
NOTIC: [8] Undefined variable: return_url F:\phpStudy\WWW\miniwuchuanhxsk\App\Api\Conf\config.php 第 58 行.
NOTIC: [8] Undefined index: key F:\phpStudy\WWW\miniwuchuanhxsk\App\Api\Conf\config.php 第 62 行.
NOTIC: [8] Undefined index: key F:\phpStudy\WWW\miniwuchuanhxsk\App\Api\Conf\config.php 第 66 行.

[ 2017-12-09T17:29:33+08:00 ] ::1 /miniwuchuanhxsk/index.php/Api/Order/index
NOTIC: [8] Use of undefined constant SHOW_PAGE_TRACE - assumed 'SHOW_PAGE_TRACE' F:\phpStudy\WWW\miniwuchuanhxsk\App\Common\Conf\debug.php 第 4 行.
INFO: [ app_init ] --START--
INFO: Run Behavior\BuildLiteBehavior [ RunTime:0.000015s ]
INFO: [ app_init ] --END-- [ RunTime:0.000057s ]
NOTIC: [8] Undefined variable: sckey F:\phpStudy\WWW\miniwuchuanhxsk\App\Api\Conf\config.php 第 33 行.
NOTIC: [8] Undefined variable: sckey F:\phpStudy\WWW\miniwuchuanhxsk\App\Api\Conf\config.php 第 33 行.
NOTIC: [8] Undefined variable: sckey F:\phpStudy\WWW\miniwuchuanhxsk\App\Api\Conf\config.php 第 33 行.
NOTIC: [8] Use of undefined constant LOAD_EXT_CONFIG - assumed 'LOAD_EXT_CONFIG' F:\phpStudy\WWW\miniwuchuanhxsk\App\Api\Conf\config.php 第 40 行.
NOTIC: [8] Undefined variable: notify_url F:\phpStudy\WWW\miniwuchuanhxsk\App\Api\Conf\config.php 第 55 行.
NOTIC: [8] Undefined variable: return_url F:\phpStudy\WWW\miniwuchuanhxsk\App\Api\Conf\config.php 第 58 行.
NOTIC: [8] Undefined index: key F:\phpStudy\WWW\miniwuchuanhxsk\App\Api\Conf\config.php 第 62 行.
NOTIC: [8] Undefined index: key F:\phpStudy\WWW\miniwuchuanhxsk\App\Api\Conf\config.php 第 66 行.

[ 2017-12-09T17:44:37+08:00 ] ::1 /miniwuchuanhxsk/index.php/Api/Order/order_details
NOTIC: [8] Use of undefined constant SHOW_PAGE_TRACE - assumed 'SHOW_PAGE_TRACE' F:\phpStudy\WWW\miniwuchuanhxsk\App\Common\Conf\debug.php 第 4 行.
INFO: [ app_init ] --START--
INFO: Run Behavior\BuildLiteBehavior [ RunTime:0.000015s ]
INFO: [ app_init ] --END-- [ RunTime:0.000062s ]
NOTIC: [8] Undefined variable: sckey F:\phpStudy\WWW\miniwuchuanhxsk\App\Api\Conf\config.php 第 33 行.
NOTIC: [8] Undefined variable: sckey F:\phpStudy\WWW\miniwuchuanhxsk\App\Api\Conf\config.php 第 33 行.
NOTIC: [8] Undefined variable: sckey F:\phpStudy\WWW\miniwuchuanhxsk\App\Api\Conf\config.php 第 33 行.
NOTIC: [8] Use of undefined constant LOAD_EXT_CONFIG - assumed 'LOAD_EXT_CONFIG' F:\phpStudy\WWW\miniwuchuanhxsk\App\Api\Conf\config.php 第 40 行.
NOTIC: [8] Undefined variable: notify_url F:\phpStudy\WWW\miniwuchuanhxsk\App\Api\Conf\config.php 第 55 行.
NOTIC: [8] Undefined variable: return_url F:\phpStudy\WWW\miniwuchuanhxsk\App\Api\Conf\config.php 第 58 行.
NOTIC: [8] Undefined index: key F:\phpStudy\WWW\miniwuchuanhxsk\App\Api\Conf\config.php 第 62 行.
NOTIC: [8] Undefined index: key F:\phpStudy\WWW\miniwuchuanhxsk\App\Api\Conf\config.php 第 66 行.

[ 2017-12-09T17:44:39+08:00 ] ::1 /miniwuchuanhxsk/index.php/Api/Order/index
NOTIC: [8] Use of undefined constant SHOW_PAGE_TRACE - assumed 'SHOW_PAGE_TRACE' F:\phpStudy\WWW\miniwuchuanhxsk\App\Common\Conf\debug.php 第 4 行.
INFO: [ app_init ] --START--
INFO: Run Behavior\BuildLiteBehavior [ RunTime:0.000014s ]
INFO: [ app_init ] --END-- [ RunTime:0.000057s ]
NOTIC: [8] Undefined variable: sckey F:\phpStudy\WWW\miniwuchuanhxsk\App\Api\Conf\config.php 第 33 行.
NOTIC: [8] Undefined variable: sckey F:\phpStudy\WWW\miniwuchuanhxsk\App\Api\Conf\config.php 第 33 行.
NOTIC: [8] Undefined variable: sckey F:\phpStudy\WWW\miniwuchuanhxsk\App\Api\Conf\config.php 第 33 行.
NOTIC: [8] Use of undefined constant LOAD_EXT_CONFIG - assumed 'LOAD_EXT_CONFIG' F:\phpStudy\WWW\miniwuchuanhxsk\App\Api\Conf\config.php 第 40 行.
NOTIC: [8] Undefined variable: notify_url F:\phpStudy\WWW\miniwuchuanhxsk\App\Api\Conf\config.php 第 55 行.
NOTIC: [8] Undefined variable: return_url F:\phpStudy\WWW\miniwuchuanhxsk\App\Api\Conf\config.php 第 58 行.
NOTIC: [8] Undefined index: key F:\phpStudy\WWW\miniwuchuanhxsk\App\Api\Conf\config.php 第 62 行.
NOTIC: [8] Undefined index: key F:\phpStudy\WWW\miniwuchuanhxsk\App\Api\Conf\config.php 第 66 行.

