[ 2017-12-11T10:42:38+08:00 ] ::1 /miniwuchuanhxsk/index.php/Api/Login/getsessionkey
NOTIC: [8] Use of undefined constant SHOW_PAGE_TRACE - assumed 'SHOW_PAGE_TRACE' F:\phpStudy\WWW\miniwuchuanhxsk\App\Common\Conf\debug.php 第 4 行.
INFO: [ app_init ] --START--
INFO: Run Behavior\BuildLiteBehavior [ RunTime:0.000023s ]
INFO: [ app_init ] --END-- [ RunTime:0.000334s ]
NOTIC: [8] Undefined variable: sckey F:\phpStudy\WWW\miniwuchuanhxsk\App\Api\Conf\config.php 第 33 行.
NOTIC: [8] Undefined variable: sckey F:\phpStudy\WWW\miniwuchuanhxsk\App\Api\Conf\config.php 第 33 行.
NOTIC: [8] Undefined variable: sckey F:\phpStudy\WWW\miniwuchuanhxsk\App\Api\Conf\config.php 第 33 行.
NOTIC: [8] Use of undefined constant LOAD_EXT_CONFIG - assumed 'LOAD_EXT_CONFIG' F:\phpStudy\WWW\miniwuchuanhxsk\App\Api\Conf\config.php 第 40 行.
NOTIC: [8] Undefined variable: notify_url F:\phpStudy\WWW\miniwuchuanhxsk\App\Api\Conf\config.php 第 55 行.
NOTIC: [8] Undefined variable: return_url F:\phpStudy\WWW\miniwuchuanhxsk\App\Api\Conf\config.php 第 58 行.
NOTIC: [8] Undefined index: key F:\phpStudy\WWW\miniwuchuanhxsk\App\Api\Conf\config.php 第 62 行.
NOTIC: [8] Undefined index: key F:\phpStudy\WWW\miniwuchuanhxsk\App\Api\Conf\config.php 第 66 行.

[ 2017-12-11T10:42:38+08:00 ] ::1 /miniwuchuanhxsk/index.php/Api/Login/authlogin
NOTIC: [8] Use of undefined constant SHOW_PAGE_TRACE - assumed 'SHOW_PAGE_TRACE' F:\phpStudy\WWW\miniwuchuanhxsk\App\Common\Conf\debug.php 第 4 行.
INFO: [ app_init ] --START--
INFO: Run Behavior\BuildLiteBehavior [ RunTime:0.000014s ]
INFO: [ app_init ] --END-- [ RunTime:0.000056s ]
NOTIC: [8] Undefined variable: sckey F:\phpStudy\WWW\miniwuchuanhxsk\App\Api\Conf\config.php 第 33 行.
NOTIC: [8] Undefined variable: sckey F:\phpStudy\WWW\miniwuchuanhxsk\App\Api\Conf\config.php 第 33 行.
NOTIC: [8] Undefined variable: sckey F:\phpStudy\WWW\miniwuchuanhxsk\App\Api\Conf\config.php 第 33 行.
NOTIC: [8] Use of undefined constant LOAD_EXT_CONFIG - assumed 'LOAD_EXT_CONFIG' F:\phpStudy\WWW\miniwuchuanhxsk\App\Api\Conf\config.php 第 40 行.
NOTIC: [8] Undefined variable: notify_url F:\phpStudy\WWW\miniwuchuanhxsk\App\Api\Conf\config.php 第 55 行.
NOTIC: [8] Undefined variable: return_url F:\phpStudy\WWW\miniwuchuanhxsk\App\Api\Conf\config.php 第 58 行.
NOTIC: [8] Undefined index: key F:\phpStudy\WWW\miniwuchuanhxsk\App\Api\Conf\config.php 第 62 行.
NOTIC: [8] Undefined index: key F:\phpStudy\WWW\miniwuchuanhxsk\App\Api\Conf\config.php 第 66 行.

[ 2017-12-11T10:42:38+08:00 ] ::1 /miniwuchuanhxsk/index.php/Api/Index/index
NOTIC: [8] Use of undefined constant SHOW_PAGE_TRACE - assumed 'SHOW_PAGE_TRACE' F:\phpStudy\WWW\miniwuchuanhxsk\App\Common\Conf\debug.php 第 4 行.
INFO: [ app_init ] --START--
INFO: Run Behavior\BuildLiteBehavior [ RunTime:0.000014s ]
INFO: [ app_init ] --END-- [ RunTime:0.000062s ]
NOTIC: [8] Undefined variable: sckey F:\phpStudy\WWW\miniwuchuanhxsk\App\Api\Conf\config.php 第 33 行.
NOTIC: [8] Undefined variable: sckey F:\phpStudy\WWW\miniwuchuanhxsk\App\Api\Conf\config.php 第 33 行.
NOTIC: [8] Undefined variable: sckey F:\phpStudy\WWW\miniwuchuanhxsk\App\Api\Conf\config.php 第 33 行.
NOTIC: [8] Use of undefined constant LOAD_EXT_CONFIG - assumed 'LOAD_EXT_CONFIG' F:\phpStudy\WWW\miniwuchuanhxsk\App\Api\Conf\config.php 第 40 行.
NOTIC: [8] Undefined variable: notify_url F:\phpStudy\WWW\miniwuchuanhxsk\App\Api\Conf\config.php 第 55 行.
NOTIC: [8] Undefined variable: return_url F:\phpStudy\WWW\miniwuchuanhxsk\App\Api\Conf\config.php 第 58 行.
NOTIC: [8] Undefined index: key F:\phpStudy\WWW\miniwuchuanhxsk\App\Api\Conf\config.php 第 62 行.
NOTIC: [8] Undefined index: key F:\phpStudy\WWW\miniwuchuanhxsk\App\Api\Conf\config.php 第 66 行.

[ 2017-12-11T10:43:37+08:00 ] ::1 /miniwuchuanhxsk/index.php/Api/Index/playIndex
NOTIC: [8] Use of undefined constant SHOW_PAGE_TRACE - assumed 'SHOW_PAGE_TRACE' F:\phpStudy\WWW\miniwuchuanhxsk\App\Common\Conf\debug.php 第 4 行.
INFO: [ app_init ] --START--
INFO: Run Behavior\BuildLiteBehavior [ RunTime:0.000017s ]
INFO: [ app_init ] --END-- [ RunTime:0.000072s ]
NOTIC: [8] Undefined variable: sckey F:\phpStudy\WWW\miniwuchuanhxsk\App\Api\Conf\config.php 第 33 行.
NOTIC: [8] Undefined variable: sckey F:\phpStudy\WWW\miniwuchuanhxsk\App\Api\Conf\config.php 第 33 行.
NOTIC: [8] Undefined variable: sckey F:\phpStudy\WWW\miniwuchuanhxsk\App\Api\Conf\config.php 第 33 行.
NOTIC: [8] Use of undefined constant LOAD_EXT_CONFIG - assumed 'LOAD_EXT_CONFIG' F:\phpStudy\WWW\miniwuchuanhxsk\App\Api\Conf\config.php 第 40 行.
NOTIC: [8] Undefined variable: notify_url F:\phpStudy\WWW\miniwuchuanhxsk\App\Api\Conf\config.php 第 55 行.
NOTIC: [8] Undefined variable: return_url F:\phpStudy\WWW\miniwuchuanhxsk\App\Api\Conf\config.php 第 58 行.
NOTIC: [8] Undefined index: key F:\phpStudy\WWW\miniwuchuanhxsk\App\Api\Conf\config.php 第 62 行.
NOTIC: [8] Undefined index: key F:\phpStudy\WWW\miniwuchuanhxsk\App\Api\Conf\config.php 第 66 行.

[ 2017-12-11T11:06:38+08:00 ] ::1 /miniwuchuanhxsk/index.php/Api/Login/getsessionkey
NOTIC: [8] Use of undefined constant SHOW_PAGE_TRACE - assumed 'SHOW_PAGE_TRACE' F:\phpStudy\WWW\miniwuchuanhxsk\App\Common\Conf\debug.php 第 4 行.
INFO: [ app_init ] --START--
INFO: Run Behavior\BuildLiteBehavior [ RunTime:0.000016s ]
INFO: [ app_init ] --END-- [ RunTime:0.000065s ]
NOTIC: [8] Undefined variable: sckey F:\phpStudy\WWW\miniwuchuanhxsk\App\Api\Conf\config.php 第 33 行.
NOTIC: [8] Undefined variable: sckey F:\phpStudy\WWW\miniwuchuanhxsk\App\Api\Conf\config.php 第 33 行.
NOTIC: [8] Undefined variable: sckey F:\phpStudy\WWW\miniwuchuanhxsk\App\Api\Conf\config.php 第 33 行.
NOTIC: [8] Use of undefined constant LOAD_EXT_CONFIG - assumed 'LOAD_EXT_CONFIG' F:\phpStudy\WWW\miniwuchuanhxsk\App\Api\Conf\config.php 第 40 行.
NOTIC: [8] Undefined variable: notify_url F:\phpStudy\WWW\miniwuchuanhxsk\App\Api\Conf\config.php 第 55 行.
NOTIC: [8] Undefined variable: return_url F:\phpStudy\WWW\miniwuchuanhxsk\App\Api\Conf\config.php 第 58 行.
NOTIC: [8] Undefined index: key F:\phpStudy\WWW\miniwuchuanhxsk\App\Api\Conf\config.php 第 62 行.
NOTIC: [8] Undefined index: key F:\phpStudy\WWW\miniwuchuanhxsk\App\Api\Conf\config.php 第 66 行.

[ 2017-12-11T11:06:38+08:00 ] ::1 /miniwuchuanhxsk/index.php/Api/Index/index
NOTIC: [8] Use of undefined constant SHOW_PAGE_TRACE - assumed 'SHOW_PAGE_TRACE' F:\phpStudy\WWW\miniwuchuanhxsk\App\Common\Conf\debug.php 第 4 行.
INFO: [ app_init ] --START--
INFO: Run Behavior\BuildLiteBehavior [ RunTime:0.000014s ]
INFO: [ app_init ] --END-- [ RunTime:0.000057s ]
NOTIC: [8] Undefined variable: sckey F:\phpStudy\WWW\miniwuchuanhxsk\App\Api\Conf\config.php 第 33 行.
NOTIC: [8] Undefined variable: sckey F:\phpStudy\WWW\miniwuchuanhxsk\App\Api\Conf\config.php 第 33 行.
NOTIC: [8] Undefined variable: sckey F:\phpStudy\WWW\miniwuchuanhxsk\App\Api\Conf\config.php 第 33 行.
NOTIC: [8] Use of undefined constant LOAD_EXT_CONFIG - assumed 'LOAD_EXT_CONFIG' F:\phpStudy\WWW\miniwuchuanhxsk\App\Api\Conf\config.php 第 40 行.
NOTIC: [8] Undefined variable: notify_url F:\phpStudy\WWW\miniwuchuanhxsk\App\Api\Conf\config.php 第 55 行.
NOTIC: [8] Undefined variable: return_url F:\phpStudy\WWW\miniwuchuanhxsk\App\Api\Conf\config.php 第 58 行.
NOTIC: [8] Undefined index: key F:\phpStudy\WWW\miniwuchuanhxsk\App\Api\Conf\config.php 第 62 行.
NOTIC: [8] Undefined index: key F:\phpStudy\WWW\miniwuchuanhxsk\App\Api\Conf\config.php 第 66 行.

[ 2017-12-11T11:06:38+08:00 ] ::1 /miniwuchuanhxsk/index.php/Api/Login/authlogin
NOTIC: [8] Use of undefined constant SHOW_PAGE_TRACE - assumed 'SHOW_PAGE_TRACE' F:\phpStudy\WWW\miniwuchuanhxsk\App\Common\Conf\debug.php 第 4 行.
INFO: [ app_init ] --START--
INFO: Run Behavior\BuildLiteBehavior [ RunTime:0.000014s ]
INFO: [ app_init ] --END-- [ RunTime:0.000058s ]
NOTIC: [8] Undefined variable: sckey F:\phpStudy\WWW\miniwuchuanhxsk\App\Api\Conf\config.php 第 33 行.
NOTIC: [8] Undefined variable: sckey F:\phpStudy\WWW\miniwuchuanhxsk\App\Api\Conf\config.php 第 33 行.
NOTIC: [8] Undefined variable: sckey F:\phpStudy\WWW\miniwuchuanhxsk\App\Api\Conf\config.php 第 33 行.
NOTIC: [8] Use of undefined constant LOAD_EXT_CONFIG - assumed 'LOAD_EXT_CONFIG' F:\phpStudy\WWW\miniwuchuanhxsk\App\Api\Conf\config.php 第 40 行.
NOTIC: [8] Undefined variable: notify_url F:\phpStudy\WWW\miniwuchuanhxsk\App\Api\Conf\config.php 第 55 行.
NOTIC: [8] Undefined variable: return_url F:\phpStudy\WWW\miniwuchuanhxsk\App\Api\Conf\config.php 第 58 行.
NOTIC: [8] Undefined index: key F:\phpStudy\WWW\miniwuchuanhxsk\App\Api\Conf\config.php 第 62 行.
NOTIC: [8] Undefined index: key F:\phpStudy\WWW\miniwuchuanhxsk\App\Api\Conf\config.php 第 66 行.

[ 2017-12-11T13:32:00+08:00 ] ::1 /miniwuchuanhxsk/index.php/Api/Login/getsessionkey
NOTIC: [8] Use of undefined constant SHOW_PAGE_TRACE - assumed 'SHOW_PAGE_TRACE' F:\phpStudy\WWW\miniwuchuanhxsk\App\Common\Conf\debug.php 第 4 行.
INFO: [ app_init ] --START--
INFO: Run Behavior\BuildLiteBehavior [ RunTime:0.000018s ]
INFO: [ app_init ] --END-- [ RunTime:0.000081s ]
NOTIC: [8] Undefined variable: sckey F:\phpStudy\WWW\miniwuchuanhxsk\App\Api\Conf\config.php 第 33 行.
NOTIC: [8] Undefined variable: sckey F:\phpStudy\WWW\miniwuchuanhxsk\App\Api\Conf\config.php 第 33 行.
NOTIC: [8] Undefined variable: sckey F:\phpStudy\WWW\miniwuchuanhxsk\App\Api\Conf\config.php 第 33 行.
NOTIC: [8] Use of undefined constant LOAD_EXT_CONFIG - assumed 'LOAD_EXT_CONFIG' F:\phpStudy\WWW\miniwuchuanhxsk\App\Api\Conf\config.php 第 40 行.
NOTIC: [8] Undefined variable: notify_url F:\phpStudy\WWW\miniwuchuanhxsk\App\Api\Conf\config.php 第 55 行.
NOTIC: [8] Undefined variable: return_url F:\phpStudy\WWW\miniwuchuanhxsk\App\Api\Conf\config.php 第 58 行.
NOTIC: [8] Undefined index: key F:\phpStudy\WWW\miniwuchuanhxsk\App\Api\Conf\config.php 第 62 行.
NOTIC: [8] Undefined index: key F:\phpStudy\WWW\miniwuchuanhxsk\App\Api\Conf\config.php 第 66 行.

[ 2017-12-11T13:32:01+08:00 ] ::1 /miniwuchuanhxsk/index.php/Api/Login/authlogin
NOTIC: [8] Use of undefined constant SHOW_PAGE_TRACE - assumed 'SHOW_PAGE_TRACE' F:\phpStudy\WWW\miniwuchuanhxsk\App\Common\Conf\debug.php 第 4 行.
INFO: [ app_init ] --START--
INFO: Run Behavior\BuildLiteBehavior [ RunTime:0.000014s ]
INFO: [ app_init ] --END-- [ RunTime:0.000056s ]
NOTIC: [8] Undefined variable: sckey F:\phpStudy\WWW\miniwuchuanhxsk\App\Api\Conf\config.php 第 33 行.
NOTIC: [8] Undefined variable: sckey F:\phpStudy\WWW\miniwuchuanhxsk\App\Api\Conf\config.php 第 33 行.
NOTIC: [8] Undefined variable: sckey F:\phpStudy\WWW\miniwuchuanhxsk\App\Api\Conf\config.php 第 33 行.
NOTIC: [8] Use of undefined constant LOAD_EXT_CONFIG - assumed 'LOAD_EXT_CONFIG' F:\phpStudy\WWW\miniwuchuanhxsk\App\Api\Conf\config.php 第 40 行.
NOTIC: [8] Undefined variable: notify_url F:\phpStudy\WWW\miniwuchuanhxsk\App\Api\Conf\config.php 第 55 行.
NOTIC: [8] Undefined variable: return_url F:\phpStudy\WWW\miniwuchuanhxsk\App\Api\Conf\config.php 第 58 行.
NOTIC: [8] Undefined index: key F:\phpStudy\WWW\miniwuchuanhxsk\App\Api\Conf\config.php 第 62 行.
NOTIC: [8] Undefined index: key F:\phpStudy\WWW\miniwuchuanhxsk\App\Api\Conf\config.php 第 66 行.

[ 2017-12-11T13:32:02+08:00 ] ::1 /miniwuchuanhxsk/index.php/Api/Index/index
NOTIC: [8] Use of undefined constant SHOW_PAGE_TRACE - assumed 'SHOW_PAGE_TRACE' F:\phpStudy\WWW\miniwuchuanhxsk\App\Common\Conf\debug.php 第 4 行.
INFO: [ app_init ] --START--
INFO: Run Behavior\BuildLiteBehavior [ RunTime:0.000014s ]
INFO: [ app_init ] --END-- [ RunTime:0.000059s ]
NOTIC: [8] Undefined variable: sckey F:\phpStudy\WWW\miniwuchuanhxsk\App\Api\Conf\config.php 第 33 行.
NOTIC: [8] Undefined variable: sckey F:\phpStudy\WWW\miniwuchuanhxsk\App\Api\Conf\config.php 第 33 行.
NOTIC: [8] Undefined variable: sckey F:\phpStudy\WWW\miniwuchuanhxsk\App\Api\Conf\config.php 第 33 行.
NOTIC: [8] Use of undefined constant LOAD_EXT_CONFIG - assumed 'LOAD_EXT_CONFIG' F:\phpStudy\WWW\miniwuchuanhxsk\App\Api\Conf\config.php 第 40 行.
NOTIC: [8] Undefined variable: notify_url F:\phpStudy\WWW\miniwuchuanhxsk\App\Api\Conf\config.php 第 55 行.
NOTIC: [8] Undefined variable: return_url F:\phpStudy\WWW\miniwuchuanhxsk\App\Api\Conf\config.php 第 58 行.
NOTIC: [8] Undefined index: key F:\phpStudy\WWW\miniwuchuanhxsk\App\Api\Conf\config.php 第 62 行.
NOTIC: [8] Undefined index: key F:\phpStudy\WWW\miniwuchuanhxsk\App\Api\Conf\config.php 第 66 行.

[ 2017-12-11T13:32:12+08:00 ] ::1 /miniwuchuanhxsk/index.php/Api/Index/eatIndex
NOTIC: [8] Use of undefined constant SHOW_PAGE_TRACE - assumed 'SHOW_PAGE_TRACE' F:\phpStudy\WWW\miniwuchuanhxsk\App\Common\Conf\debug.php 第 4 行.
INFO: [ app_init ] --START--
INFO: Run Behavior\BuildLiteBehavior [ RunTime:0.000018s ]
INFO: [ app_init ] --END-- [ RunTime:0.000070s ]
NOTIC: [8] Undefined variable: sckey F:\phpStudy\WWW\miniwuchuanhxsk\App\Api\Conf\config.php 第 33 行.
NOTIC: [8] Undefined variable: sckey F:\phpStudy\WWW\miniwuchuanhxsk\App\Api\Conf\config.php 第 33 行.
NOTIC: [8] Undefined variable: sckey F:\phpStudy\WWW\miniwuchuanhxsk\App\Api\Conf\config.php 第 33 行.
NOTIC: [8] Use of undefined constant LOAD_EXT_CONFIG - assumed 'LOAD_EXT_CONFIG' F:\phpStudy\WWW\miniwuchuanhxsk\App\Api\Conf\config.php 第 40 行.
NOTIC: [8] Undefined variable: notify_url F:\phpStudy\WWW\miniwuchuanhxsk\App\Api\Conf\config.php 第 55 行.
NOTIC: [8] Undefined variable: return_url F:\phpStudy\WWW\miniwuchuanhxsk\App\Api\Conf\config.php 第 58 行.
NOTIC: [8] Undefined index: key F:\phpStudy\WWW\miniwuchuanhxsk\App\Api\Conf\config.php 第 62 行.
NOTIC: [8] Undefined index: key F:\phpStudy\WWW\miniwuchuanhxsk\App\Api\Conf\config.php 第 66 行.

[ 2017-12-11T13:32:22+08:00 ] ::1 /miniwuchuanhxsk/index.php/Api/Category/getProduct
NOTIC: [8] Use of undefined constant SHOW_PAGE_TRACE - assumed 'SHOW_PAGE_TRACE' F:\phpStudy\WWW\miniwuchuanhxsk\App\Common\Conf\debug.php 第 4 行.
INFO: [ app_init ] --START--
INFO: Run Behavior\BuildLiteBehavior [ RunTime:0.000036s ]
INFO: [ app_init ] --END-- [ RunTime:0.000151s ]
NOTIC: [8] Undefined variable: sckey F:\phpStudy\WWW\miniwuchuanhxsk\App\Api\Conf\config.php 第 33 行.
NOTIC: [8] Undefined variable: sckey F:\phpStudy\WWW\miniwuchuanhxsk\App\Api\Conf\config.php 第 33 行.
NOTIC: [8] Undefined variable: sckey F:\phpStudy\WWW\miniwuchuanhxsk\App\Api\Conf\config.php 第 33 行.
NOTIC: [8] Use of undefined constant LOAD_EXT_CONFIG - assumed 'LOAD_EXT_CONFIG' F:\phpStudy\WWW\miniwuchuanhxsk\App\Api\Conf\config.php 第 40 行.
NOTIC: [8] Undefined variable: notify_url F:\phpStudy\WWW\miniwuchuanhxsk\App\Api\Conf\config.php 第 55 行.
NOTIC: [8] Undefined variable: return_url F:\phpStudy\WWW\miniwuchuanhxsk\App\Api\Conf\config.php 第 58 行.
NOTIC: [8] Undefined index: key F:\phpStudy\WWW\miniwuchuanhxsk\App\Api\Conf\config.php 第 62 行.
NOTIC: [8] Undefined index: key F:\phpStudy\WWW\miniwuchuanhxsk\App\Api\Conf\config.php 第 66 行.

[ 2017-12-11T13:32:24+08:00 ] ::1 /miniwuchuanhxsk/index.php/Api/Category/getProduct
NOTIC: [8] Use of undefined constant SHOW_PAGE_TRACE - assumed 'SHOW_PAGE_TRACE' F:\phpStudy\WWW\miniwuchuanhxsk\App\Common\Conf\debug.php 第 4 行.
INFO: [ app_init ] --START--
INFO: Run Behavior\BuildLiteBehavior [ RunTime:0.000017s ]
INFO: [ app_init ] --END-- [ RunTime:0.000069s ]
NOTIC: [8] Undefined variable: sckey F:\phpStudy\WWW\miniwuchuanhxsk\App\Api\Conf\config.php 第 33 行.
NOTIC: [8] Undefined variable: sckey F:\phpStudy\WWW\miniwuchuanhxsk\App\Api\Conf\config.php 第 33 行.
NOTIC: [8] Undefined variable: sckey F:\phpStudy\WWW\miniwuchuanhxsk\App\Api\Conf\config.php 第 33 行.
NOTIC: [8] Use of undefined constant LOAD_EXT_CONFIG - assumed 'LOAD_EXT_CONFIG' F:\phpStudy\WWW\miniwuchuanhxsk\App\Api\Conf\config.php 第 40 行.
NOTIC: [8] Undefined variable: notify_url F:\phpStudy\WWW\miniwuchuanhxsk\App\Api\Conf\config.php 第 55 行.
NOTIC: [8] Undefined variable: return_url F:\phpStudy\WWW\miniwuchuanhxsk\App\Api\Conf\config.php 第 58 行.
NOTIC: [8] Undefined index: key F:\phpStudy\WWW\miniwuchuanhxsk\App\Api\Conf\config.php 第 62 行.
NOTIC: [8] Undefined index: key F:\phpStudy\WWW\miniwuchuanhxsk\App\Api\Conf\config.php 第 66 行.

[ 2017-12-11T13:32:32+08:00 ] ::1 /miniwuchuanhxsk/index.php/Api/Category/getProduct
NOTIC: [8] Use of undefined constant SHOW_PAGE_TRACE - assumed 'SHOW_PAGE_TRACE' F:\phpStudy\WWW\miniwuchuanhxsk\App\Common\Conf\debug.php 第 4 行.
INFO: [ app_init ] --START--
INFO: Run Behavior\BuildLiteBehavior [ RunTime:0.000015s ]
INFO: [ app_init ] --END-- [ RunTime:0.000067s ]
NOTIC: [8] Undefined variable: sckey F:\phpStudy\WWW\miniwuchuanhxsk\App\Api\Conf\config.php 第 33 行.
NOTIC: [8] Undefined variable: sckey F:\phpStudy\WWW\miniwuchuanhxsk\App\Api\Conf\config.php 第 33 行.
NOTIC: [8] Undefined variable: sckey F:\phpStudy\WWW\miniwuchuanhxsk\App\Api\Conf\config.php 第 33 行.
NOTIC: [8] Use of undefined constant LOAD_EXT_CONFIG - assumed 'LOAD_EXT_CONFIG' F:\phpStudy\WWW\miniwuchuanhxsk\App\Api\Conf\config.php 第 40 行.
NOTIC: [8] Undefined variable: notify_url F:\phpStudy\WWW\miniwuchuanhxsk\App\Api\Conf\config.php 第 55 行.
NOTIC: [8] Undefined variable: return_url F:\phpStudy\WWW\miniwuchuanhxsk\App\Api\Conf\config.php 第 58 行.
NOTIC: [8] Undefined index: key F:\phpStudy\WWW\miniwuchuanhxsk\App\Api\Conf\config.php 第 62 行.
NOTIC: [8] Undefined index: key F:\phpStudy\WWW\miniwuchuanhxsk\App\Api\Conf\config.php 第 66 行.

[ 2017-12-11T14:36:00+08:00 ] ::1 /miniwuchuanhxsk/index.php/Api/Login/getsessionkey
NOTIC: [8] Use of undefined constant SHOW_PAGE_TRACE - assumed 'SHOW_PAGE_TRACE' F:\phpStudy\WWW\miniwuchuanhxsk\App\Common\Conf\debug.php 第 4 行.
INFO: [ app_init ] --START--
INFO: Run Behavior\BuildLiteBehavior [ RunTime:0.000015s ]
INFO: [ app_init ] --END-- [ RunTime:0.000064s ]
NOTIC: [8] Undefined variable: sckey F:\phpStudy\WWW\miniwuchuanhxsk\App\Api\Conf\config.php 第 33 行.
NOTIC: [8] Undefined variable: sckey F:\phpStudy\WWW\miniwuchuanhxsk\App\Api\Conf\config.php 第 33 行.
NOTIC: [8] Undefined variable: sckey F:\phpStudy\WWW\miniwuchuanhxsk\App\Api\Conf\config.php 第 33 行.
NOTIC: [8] Use of undefined constant LOAD_EXT_CONFIG - assumed 'LOAD_EXT_CONFIG' F:\phpStudy\WWW\miniwuchuanhxsk\App\Api\Conf\config.php 第 40 行.
NOTIC: [8] Undefined variable: notify_url F:\phpStudy\WWW\miniwuchuanhxsk\App\Api\Conf\config.php 第 55 行.
NOTIC: [8] Undefined variable: return_url F:\phpStudy\WWW\miniwuchuanhxsk\App\Api\Conf\config.php 第 58 行.
NOTIC: [8] Undefined index: key F:\phpStudy\WWW\miniwuchuanhxsk\App\Api\Conf\config.php 第 62 行.
NOTIC: [8] Undefined index: key F:\phpStudy\WWW\miniwuchuanhxsk\App\Api\Conf\config.php 第 66 行.

[ 2017-12-11T14:36:01+08:00 ] ::1 /miniwuchuanhxsk/index.php/Api/Index/index
NOTIC: [8] Use of undefined constant SHOW_PAGE_TRACE - assumed 'SHOW_PAGE_TRACE' F:\phpStudy\WWW\miniwuchuanhxsk\App\Common\Conf\debug.php 第 4 行.
INFO: [ app_init ] --START--
INFO: Run Behavior\BuildLiteBehavior [ RunTime:0.000015s ]
INFO: [ app_init ] --END-- [ RunTime:0.000067s ]
NOTIC: [8] Undefined variable: sckey F:\phpStudy\WWW\miniwuchuanhxsk\App\Api\Conf\config.php 第 33 行.
NOTIC: [8] Undefined variable: sckey F:\phpStudy\WWW\miniwuchuanhxsk\App\Api\Conf\config.php 第 33 行.
NOTIC: [8] Undefined variable: sckey F:\phpStudy\WWW\miniwuchuanhxsk\App\Api\Conf\config.php 第 33 行.
NOTIC: [8] Use of undefined constant LOAD_EXT_CONFIG - assumed 'LOAD_EXT_CONFIG' F:\phpStudy\WWW\miniwuchuanhxsk\App\Api\Conf\config.php 第 40 行.
NOTIC: [8] Undefined variable: notify_url F:\phpStudy\WWW\miniwuchuanhxsk\App\Api\Conf\config.php 第 55 行.
NOTIC: [8] Undefined variable: return_url F:\phpStudy\WWW\miniwuchuanhxsk\App\Api\Conf\config.php 第 58 行.
NOTIC: [8] Undefined index: key F:\phpStudy\WWW\miniwuchuanhxsk\App\Api\Conf\config.php 第 62 行.
NOTIC: [8] Undefined index: key F:\phpStudy\WWW\miniwuchuanhxsk\App\Api\Conf\config.php 第 66 行.

[ 2017-12-11T14:36:01+08:00 ] ::1 /miniwuchuanhxsk/index.php/Api/Login/authlogin
NOTIC: [8] Use of undefined constant SHOW_PAGE_TRACE - assumed 'SHOW_PAGE_TRACE' F:\phpStudy\WWW\miniwuchuanhxsk\App\Common\Conf\debug.php 第 4 行.
INFO: [ app_init ] --START--
INFO: Run Behavior\BuildLiteBehavior [ RunTime:0.000017s ]
INFO: [ app_init ] --END-- [ RunTime:0.000068s ]
NOTIC: [8] Undefined variable: sckey F:\phpStudy\WWW\miniwuchuanhxsk\App\Api\Conf\config.php 第 33 行.
NOTIC: [8] Undefined variable: sckey F:\phpStudy\WWW\miniwuchuanhxsk\App\Api\Conf\config.php 第 33 行.
NOTIC: [8] Undefined variable: sckey F:\phpStudy\WWW\miniwuchuanhxsk\App\Api\Conf\config.php 第 33 行.
NOTIC: [8] Use of undefined constant LOAD_EXT_CONFIG - assumed 'LOAD_EXT_CONFIG' F:\phpStudy\WWW\miniwuchuanhxsk\App\Api\Conf\config.php 第 40 行.
NOTIC: [8] Undefined variable: notify_url F:\phpStudy\WWW\miniwuchuanhxsk\App\Api\Conf\config.php 第 55 行.
NOTIC: [8] Undefined variable: return_url F:\phpStudy\WWW\miniwuchuanhxsk\App\Api\Conf\config.php 第 58 行.
NOTIC: [8] Undefined index: key F:\phpStudy\WWW\miniwuchuanhxsk\App\Api\Conf\config.php 第 62 行.
NOTIC: [8] Undefined index: key F:\phpStudy\WWW\miniwuchuanhxsk\App\Api\Conf\config.php 第 66 行.

